[2022-11-02 12:55:26Z INFO HostContext] No proxy settings were found based on environmental variables (http_proxy/https_proxy/HTTP_PROXY/HTTPS_PROXY)
[2022-11-02 12:55:26Z INFO HostContext] Well known directory 'Bin': '/home/rroyce/dev/konglab/actions-runner/bin'
[2022-11-02 12:55:26Z INFO HostContext] Well known directory 'Root': '/home/rroyce/dev/konglab/actions-runner'
[2022-11-02 12:55:26Z INFO HostContext] Well known config file 'Credentials': '/home/rroyce/dev/konglab/actions-runner/.credentials'
[2022-11-02 12:55:26Z INFO HostContext] Well known directory 'Bin': '/home/rroyce/dev/konglab/actions-runner/bin'
[2022-11-02 12:55:26Z INFO HostContext] Well known directory 'Root': '/home/rroyce/dev/konglab/actions-runner'
[2022-11-02 12:55:26Z INFO HostContext] Well known config file 'Runner': '/home/rroyce/dev/konglab/actions-runner/.runner'
[2022-11-02 12:55:26Z INFO Listener] Runner is built for Linux (X64) - linux-x64.
[2022-11-02 12:55:26Z INFO Listener] RuntimeInformation: Linux 5.15.68.1-microsoft-standard-WSL2 #1 SMP Mon Sep 19 19:14:52 UTC 2022.
[2022-11-02 12:55:26Z INFO Listener] Version: 2.298.2
[2022-11-02 12:55:26Z INFO Listener] Commit: f49f0247c8f15ef51086a7c2405333cb91c6f3cd
[2022-11-02 12:55:26Z INFO Listener] Culture: 
[2022-11-02 12:55:26Z INFO Listener] UI Culture: 
[2022-11-02 12:55:26Z INFO HostContext] Well known directory 'Bin': '/home/rroyce/dev/konglab/actions-runner/bin'
[2022-11-02 12:55:26Z INFO HostContext] Well known directory 'Root': '/home/rroyce/dev/konglab/actions-runner'
[2022-11-02 12:55:26Z INFO Listener] Validating directory permissions for: '/home/rroyce/dev/konglab/actions-runner'
[2022-11-02 12:55:26Z INFO CommandLineParser] Parse
[2022-11-02 12:55:26Z INFO CommandLineParser] Parsing 5 args
[2022-11-02 12:55:26Z INFO CommandLineParser] parsing argument
[2022-11-02 12:55:26Z INFO CommandLineParser] HasArgs: False
[2022-11-02 12:55:26Z INFO CommandLineParser] Adding Command: configure
[2022-11-02 12:55:26Z INFO CommandLineParser] parsing argument
[2022-11-02 12:55:26Z INFO CommandLineParser] HasArgs: True
[2022-11-02 12:55:26Z INFO CommandLineParser] arg: url
[2022-11-02 12:55:26Z INFO CommandLineParser] parsing argument
[2022-11-02 12:55:26Z INFO CommandLineParser] HasArgs: True
[2022-11-02 12:55:26Z INFO CommandLineParser] Adding option 'url': 'https://github.com/rollsroyce22/konglab'
[2022-11-02 12:55:26Z INFO CommandLineParser] parsing argument
[2022-11-02 12:55:26Z INFO CommandLineParser] HasArgs: True
[2022-11-02 12:55:26Z INFO CommandLineParser] arg: token
[2022-11-02 12:55:26Z INFO CommandLineParser] parsing argument
[2022-11-02 12:55:26Z INFO CommandLineParser] HasArgs: True
[2022-11-02 12:55:26Z INFO CommandLineParser] Adding option 'token': '***'
[2022-11-02 12:55:26Z INFO Listener] Arguments parsed
[2022-11-02 12:55:26Z INFO Runner] ExecuteCommand
[2022-11-02 12:55:26Z INFO ConfigurationStore] currentAssemblyLocation: /home/rroyce/dev/konglab/actions-runner/bin/Runner.Listener.dll
[2022-11-02 12:55:26Z INFO HostContext] Well known directory 'Bin': '/home/rroyce/dev/konglab/actions-runner/bin'
[2022-11-02 12:55:26Z INFO ConfigurationStore] binPath: /home/rroyce/dev/konglab/actions-runner/bin
[2022-11-02 12:55:26Z INFO HostContext] Well known directory 'Bin': '/home/rroyce/dev/konglab/actions-runner/bin'
[2022-11-02 12:55:26Z INFO HostContext] Well known directory 'Root': '/home/rroyce/dev/konglab/actions-runner'
[2022-11-02 12:55:26Z INFO ConfigurationStore] RootFolder: /home/rroyce/dev/konglab/actions-runner
[2022-11-02 12:55:26Z INFO HostContext] Well known directory 'Bin': '/home/rroyce/dev/konglab/actions-runner/bin'
[2022-11-02 12:55:26Z INFO HostContext] Well known directory 'Root': '/home/rroyce/dev/konglab/actions-runner'
[2022-11-02 12:55:26Z INFO HostContext] Well known config file 'Runner': '/home/rroyce/dev/konglab/actions-runner/.runner'
[2022-11-02 12:55:26Z INFO ConfigurationStore] ConfigFilePath: /home/rroyce/dev/konglab/actions-runner/.runner
[2022-11-02 12:55:26Z INFO HostContext] Well known directory 'Bin': '/home/rroyce/dev/konglab/actions-runner/bin'
[2022-11-02 12:55:26Z INFO HostContext] Well known directory 'Root': '/home/rroyce/dev/konglab/actions-runner'
[2022-11-02 12:55:26Z INFO HostContext] Well known config file 'Credentials': '/home/rroyce/dev/konglab/actions-runner/.credentials'
[2022-11-02 12:55:26Z INFO ConfigurationStore] CredFilePath: /home/rroyce/dev/konglab/actions-runner/.credentials
[2022-11-02 12:55:26Z INFO HostContext] Well known directory 'Bin': '/home/rroyce/dev/konglab/actions-runner/bin'
[2022-11-02 12:55:26Z INFO HostContext] Well known directory 'Root': '/home/rroyce/dev/konglab/actions-runner'
[2022-11-02 12:55:26Z INFO HostContext] Well known config file 'MigratedCredentials': '/home/rroyce/dev/konglab/actions-runner/.credentials_migrated'
[2022-11-02 12:55:26Z INFO ConfigurationStore] MigratedCredFilePath: /home/rroyce/dev/konglab/actions-runner/.credentials_migrated
[2022-11-02 12:55:26Z INFO HostContext] Well known directory 'Bin': '/home/rroyce/dev/konglab/actions-runner/bin'
[2022-11-02 12:55:26Z INFO HostContext] Well known directory 'Root': '/home/rroyce/dev/konglab/actions-runner'
[2022-11-02 12:55:26Z INFO HostContext] Well known config file 'Service': '/home/rroyce/dev/konglab/actions-runner/.service'
[2022-11-02 12:55:26Z INFO ConfigurationStore] ServiceConfigFilePath: /home/rroyce/dev/konglab/actions-runner/.service
[2022-11-02 12:55:26Z INFO CommandSettings] Flag 'help': 'False'
[2022-11-02 12:55:26Z INFO CommandSettings] Flag 'version': 'False'
[2022-11-02 12:55:26Z INFO CommandSettings] Flag 'commit': 'False'
[2022-11-02 12:55:26Z INFO CommandSettings] Flag 'check': 'False'
[2022-11-02 12:55:26Z INFO CommandSettings] Command 'configure': 'True'
[2022-11-02 12:55:26Z INFO Terminal] WRITE LINE: 
[2022-11-02 12:55:26Z INFO Terminal] WRITE LINE: --------------------------------------------------------------------------------
[2022-11-02 12:55:26Z INFO Terminal] WRITE LINE: |        ____ _ _   _   _       _          _        _   _                      |
[2022-11-02 12:55:26Z INFO Terminal] WRITE LINE: |       / ___(_) |_| | | |_   _| |__      / \   ___| |_(_) ___  _ __  ___      |
[2022-11-02 12:55:26Z INFO Terminal] WRITE LINE: |      | |  _| | __| |_| | | | | '_ \    / _ \ / __| __| |/ _ \| '_ \/ __|     |
[2022-11-02 12:55:26Z INFO Terminal] WRITE LINE: |      | |_| | | |_|  _  | |_| | |_) |  / ___ \ (__| |_| | (_) | | | \__ \     |
[2022-11-02 12:55:26Z INFO Terminal] WRITE LINE: |       \____|_|\__|_| |_|\__,_|_.__/  /_/   \_\___|\__|_|\___/|_| |_|___/     |
[2022-11-02 12:55:26Z INFO Terminal] WRITE LINE: |                                                                              |
[2022-11-02 12:55:26Z INFO Terminal] WRITE: |                       
[2022-11-02 12:55:26Z INFO Terminal] WRITE: Self-hosted runner registration
[2022-11-02 12:55:26Z INFO Terminal] WRITE LINE:                         |
[2022-11-02 12:55:26Z INFO Terminal] WRITE LINE: |                                                                              |
[2022-11-02 12:55:26Z INFO Terminal] WRITE LINE: --------------------------------------------------------------------------------
[2022-11-02 12:55:26Z INFO ConfigurationManager] ConfigureAsync
[2022-11-02 12:55:26Z INFO ConfigurationStore] IsConfigured()
[2022-11-02 12:55:26Z INFO ConfigurationStore] IsConfigured: False
[2022-11-02 12:55:26Z INFO ConfigurationManager] Is configured: False
[2022-11-02 12:55:26Z INFO CommandSettings] Arg 'url': 'https://github.com/rollsroyce22/konglab'
[2022-11-02 12:55:26Z INFO CommandSettings] Remove url from Arg dictionary.
[2022-11-02 12:55:26Z INFO CommandSettings] Arg 'token': '***'
[2022-11-02 12:55:26Z INFO CommandSettings] Remove token from Arg dictionary.
[2022-11-02 12:55:26Z INFO ConfigurationManager] Http response code: OK from 'POST https://api.github.com/actions/runner-registration'
[2022-11-02 12:55:27Z INFO ConfigurationManager] cred retrieved via GitHub auth
[2022-11-02 12:55:27Z INFO RunnerServer] Establish connection with 100 seconds timeout.
[2022-11-02 12:55:27Z INFO GitHubActionsService] Starting operation Location.GetConnectionData
[2022-11-02 12:55:27Z INFO RunnerServer] Establish connection with 60 seconds timeout.
[2022-11-02 12:55:27Z INFO GitHubActionsService] Starting operation Location.GetConnectionData
[2022-11-02 12:55:27Z INFO RunnerServer] Establish connection with 60 seconds timeout.
[2022-11-02 12:55:27Z INFO GitHubActionsService] Starting operation Location.GetConnectionData
[2022-11-02 12:55:27Z INFO GitHubActionsService] Finished operation Location.GetConnectionData
[2022-11-02 12:55:27Z INFO GitHubActionsService] Finished operation Location.GetConnectionData
[2022-11-02 12:55:28Z INFO GitHubActionsService] Finished operation Location.GetConnectionData
[2022-11-02 12:55:28Z INFO Terminal] WRITE LINE: 
[2022-11-02 12:55:28Z INFO ConfigurationManager] Test Connection complete.
[2022-11-02 12:55:28Z INFO HostContext] Well known directory 'Bin': '/home/rroyce/dev/konglab/actions-runner/bin'
[2022-11-02 12:55:28Z INFO HostContext] Well known directory 'Root': '/home/rroyce/dev/konglab/actions-runner'
[2022-11-02 12:55:28Z INFO HostContext] Well known config file 'RSACredentials': '/home/rroyce/dev/konglab/actions-runner/.credentials_rsaparams'
[2022-11-02 12:55:28Z INFO RSAFileKeyManager] Creating new RSA key using 2048-bit key length
[2022-11-02 12:55:28Z INFO RSAFileKeyManager] Successfully saved RSA key parameters to file /home/rroyce/dev/konglab/actions-runner/.credentials_rsaparams
[2022-11-02 12:55:28Z INFO RSAFileKeyManager] Which: 'chmod'
[2022-11-02 12:55:28Z INFO RSAFileKeyManager] Location: '/usr/bin/chmod'
[2022-11-02 12:55:28Z INFO HostContext] Well known directory 'Bin': '/home/rroyce/dev/konglab/actions-runner/bin'
[2022-11-02 12:55:28Z INFO HostContext] Well known directory 'Root': '/home/rroyce/dev/konglab/actions-runner'
[2022-11-02 12:55:28Z INFO ProcessInvokerWrapper] Starting process:
[2022-11-02 12:55:28Z INFO ProcessInvokerWrapper]   File name: '/usr/bin/chmod'
[2022-11-02 12:55:28Z INFO ProcessInvokerWrapper]   Arguments: '600 /home/rroyce/dev/konglab/actions-runner/.credentials_rsaparams'
[2022-11-02 12:55:28Z INFO ProcessInvokerWrapper]   Working directory: '/home/rroyce/dev/konglab/actions-runner'
[2022-11-02 12:55:28Z INFO ProcessInvokerWrapper]   Require exit code zero: 'False'
[2022-11-02 12:55:28Z INFO ProcessInvokerWrapper]   Encoding web name:  ; code page: ''
[2022-11-02 12:55:28Z INFO ProcessInvokerWrapper]   Force kill process on cancellation: 'False'
[2022-11-02 12:55:28Z INFO ProcessInvokerWrapper]   Redirected STDIN: 'False'
[2022-11-02 12:55:28Z INFO ProcessInvokerWrapper]   Persist current code page: 'False'
[2022-11-02 12:55:28Z INFO ProcessInvokerWrapper]   Keep redirected STDIN open: 'False'
[2022-11-02 12:55:28Z INFO ProcessInvokerWrapper]   High priority process: 'False'
[2022-11-02 12:55:28Z INFO ProcessInvokerWrapper] Process started with process id 49373, waiting for process exit.
[2022-11-02 12:55:28Z INFO ProcessInvokerWrapper] STDOUT/STDERR stream read finished.
[2022-11-02 12:55:28Z INFO ProcessInvokerWrapper] STDOUT/STDERR stream read finished.
[2022-11-02 12:55:28Z INFO ProcessInvokerWrapper] Finished process 49373 with exit code 0, and elapsed time 00:00:00.0049999.
[2022-11-02 12:55:28Z INFO RSAFileKeyManager] Successfully set permissions for RSA key parameters file /home/rroyce/dev/konglab/actions-runner/.credentials_rsaparams
[2022-11-02 12:55:28Z INFO CommandSettings] Arg 'runnergroup': ''
[2022-11-02 12:55:28Z INFO CommandSettings] Flag 'unattended': 'False'
[2022-11-02 12:55:28Z INFO PromptManager] ReadValue
[2022-11-02 12:55:28Z INFO Terminal] WRITE: Enter the name of the runner group to add this runner to: 
[2022-11-02 12:55:28Z INFO Terminal] WRITE: [press Enter for Default] 
[2022-11-02 12:55:28Z INFO Terminal] READ LINE
[2022-11-02 12:55:48Z INFO Terminal] Read value: 'kong-gateway'
[2022-11-02 12:55:48Z INFO Terminal] WRITE LINE: 
[2022-11-02 12:55:48Z ERR  Runner] GitHub.DistributedTask.WebApi.TaskAgentPoolNotFoundException: Could not find any self-hosted runner group named "kong-gateway".
   at GitHub.Runner.Listener.Configuration.ConfigurationManager.ConfigureAsync(CommandSettings command)
   at GitHub.Runner.Listener.Runner.ExecuteCommand(CommandSettings command)
[2022-11-02 12:55:48Z ERR  Terminal] WRITE ERROR: Could not find any self-hosted runner group named "kong-gateway".
[2022-11-02 12:55:48Z INFO Listener] Runner execution has finished with return code 1
