[2022-11-02 16:40:26Z INFO HostContext] No proxy settings were found based on environmental variables (http_proxy/https_proxy/HTTP_PROXY/HTTPS_PROXY)
[2022-11-02 16:40:26Z INFO HostContext] Well known directory 'Bin': '/home/rroyce/dev/konglab/actions-runner/bin'
[2022-11-02 16:40:26Z INFO HostContext] Well known directory 'Root': '/home/rroyce/dev/konglab/actions-runner'
[2022-11-02 16:40:26Z INFO HostContext] Well known config file 'Credentials': '/home/rroyce/dev/konglab/actions-runner/.credentials'
[2022-11-02 16:40:26Z INFO HostContext] Well known directory 'Bin': '/home/rroyce/dev/konglab/actions-runner/bin'
[2022-11-02 16:40:26Z INFO HostContext] Well known directory 'Root': '/home/rroyce/dev/konglab/actions-runner'
[2022-11-02 16:40:26Z INFO HostContext] Well known config file 'Runner': '/home/rroyce/dev/konglab/actions-runner/.runner'
[2022-11-02 16:40:26Z INFO Listener] Runner is built for Linux (X64) - linux-x64.
[2022-11-02 16:40:26Z INFO Listener] RuntimeInformation: Linux 5.15.68.1-microsoft-standard-WSL2 #1 SMP Mon Sep 19 19:14:52 UTC 2022.
[2022-11-02 16:40:26Z INFO Listener] Version: 2.298.2
[2022-11-02 16:40:26Z INFO Listener] Commit: f49f0247c8f15ef51086a7c2405333cb91c6f3cd
[2022-11-02 16:40:26Z INFO Listener] Culture: 
[2022-11-02 16:40:26Z INFO Listener] UI Culture: 
[2022-11-02 16:40:26Z INFO HostContext] Well known directory 'Bin': '/home/rroyce/dev/konglab/actions-runner/bin'
[2022-11-02 16:40:26Z INFO HostContext] Well known directory 'Root': '/home/rroyce/dev/konglab/actions-runner'
[2022-11-02 16:40:26Z INFO Listener] Validating directory permissions for: '/home/rroyce/dev/konglab/actions-runner'
[2022-11-02 16:40:26Z INFO CommandLineParser] Parse
[2022-11-02 16:40:26Z INFO CommandLineParser] Parsing 1 args
[2022-11-02 16:40:26Z INFO CommandLineParser] parsing argument
[2022-11-02 16:40:26Z INFO CommandLineParser] HasArgs: False
[2022-11-02 16:40:26Z INFO CommandLineParser] Adding Command: run
[2022-11-02 16:40:26Z INFO Listener] Arguments parsed
[2022-11-02 16:40:26Z INFO Runner] ExecuteCommand
[2022-11-02 16:40:26Z INFO ConfigurationStore] currentAssemblyLocation: /home/rroyce/dev/konglab/actions-runner/bin/Runner.Listener.dll
[2022-11-02 16:40:26Z INFO HostContext] Well known directory 'Bin': '/home/rroyce/dev/konglab/actions-runner/bin'
[2022-11-02 16:40:26Z INFO ConfigurationStore] binPath: /home/rroyce/dev/konglab/actions-runner/bin
[2022-11-02 16:40:26Z INFO HostContext] Well known directory 'Bin': '/home/rroyce/dev/konglab/actions-runner/bin'
[2022-11-02 16:40:26Z INFO HostContext] Well known directory 'Root': '/home/rroyce/dev/konglab/actions-runner'
[2022-11-02 16:40:26Z INFO ConfigurationStore] RootFolder: /home/rroyce/dev/konglab/actions-runner
[2022-11-02 16:40:26Z INFO HostContext] Well known directory 'Bin': '/home/rroyce/dev/konglab/actions-runner/bin'
[2022-11-02 16:40:26Z INFO HostContext] Well known directory 'Root': '/home/rroyce/dev/konglab/actions-runner'
[2022-11-02 16:40:26Z INFO HostContext] Well known config file 'Runner': '/home/rroyce/dev/konglab/actions-runner/.runner'
[2022-11-02 16:40:26Z INFO ConfigurationStore] ConfigFilePath: /home/rroyce/dev/konglab/actions-runner/.runner
[2022-11-02 16:40:26Z INFO HostContext] Well known directory 'Bin': '/home/rroyce/dev/konglab/actions-runner/bin'
[2022-11-02 16:40:26Z INFO HostContext] Well known directory 'Root': '/home/rroyce/dev/konglab/actions-runner'
[2022-11-02 16:40:26Z INFO HostContext] Well known config file 'Credentials': '/home/rroyce/dev/konglab/actions-runner/.credentials'
[2022-11-02 16:40:26Z INFO ConfigurationStore] CredFilePath: /home/rroyce/dev/konglab/actions-runner/.credentials
[2022-11-02 16:40:26Z INFO HostContext] Well known directory 'Bin': '/home/rroyce/dev/konglab/actions-runner/bin'
[2022-11-02 16:40:26Z INFO HostContext] Well known directory 'Root': '/home/rroyce/dev/konglab/actions-runner'
[2022-11-02 16:40:26Z INFO HostContext] Well known config file 'MigratedCredentials': '/home/rroyce/dev/konglab/actions-runner/.credentials_migrated'
[2022-11-02 16:40:26Z INFO ConfigurationStore] MigratedCredFilePath: /home/rroyce/dev/konglab/actions-runner/.credentials_migrated
[2022-11-02 16:40:26Z INFO HostContext] Well known directory 'Bin': '/home/rroyce/dev/konglab/actions-runner/bin'
[2022-11-02 16:40:26Z INFO HostContext] Well known directory 'Root': '/home/rroyce/dev/konglab/actions-runner'
[2022-11-02 16:40:26Z INFO HostContext] Well known config file 'Service': '/home/rroyce/dev/konglab/actions-runner/.service'
[2022-11-02 16:40:26Z INFO ConfigurationStore] ServiceConfigFilePath: /home/rroyce/dev/konglab/actions-runner/.service
[2022-11-02 16:40:26Z INFO CommandSettings] Flag 'help': 'False'
[2022-11-02 16:40:26Z INFO CommandSettings] Flag 'version': 'False'
[2022-11-02 16:40:26Z INFO CommandSettings] Flag 'commit': 'False'
[2022-11-02 16:40:26Z INFO CommandSettings] Flag 'check': 'False'
[2022-11-02 16:40:26Z INFO CommandSettings] Command 'configure': 'False'
[2022-11-02 16:40:26Z INFO CommandSettings] Command 'remove': 'False'
[2022-11-02 16:40:26Z INFO CommandSettings] Command 'warmup': 'False'
[2022-11-02 16:40:26Z INFO ConfigurationManager] LoadSettings
[2022-11-02 16:40:26Z INFO ConfigurationStore] IsConfigured()
[2022-11-02 16:40:26Z INFO ConfigurationStore] IsConfigured: True
[2022-11-02 16:40:26Z INFO ConfigurationManager] Is configured: True
[2022-11-02 16:40:26Z INFO ConfigurationStore] Read setting file: 296 chars
[2022-11-02 16:40:26Z INFO ConfigurationManager] Settings Loaded
[2022-11-02 16:40:26Z INFO ConfigurationStore] IsServiceConfigured()
[2022-11-02 16:40:26Z INFO ConfigurationStore] IsServiceConfigured: False
[2022-11-02 16:40:26Z INFO CommandSettings] Command 'run': 'True'
[2022-11-02 16:40:26Z INFO ConfigurationStore] IsConfigured()
[2022-11-02 16:40:26Z INFO ConfigurationStore] IsConfigured: True
[2022-11-02 16:40:26Z INFO ConfigurationManager] Is configured: True
[2022-11-02 16:40:26Z INFO Runner] Could not parse the argument value '' for StartupType. Defaulting to Manual
[2022-11-02 16:40:26Z INFO Runner] Set runner startup type - Manual
[2022-11-02 16:40:26Z INFO CommandSettings] Flag 'once': 'False'
[2022-11-02 16:40:26Z INFO CommandSettings] Flag 'once': 'False'
[2022-11-02 16:40:26Z INFO Runner] RunAsync
[2022-11-02 16:40:26Z INFO ConfigurationManager] LoadSettings
[2022-11-02 16:40:26Z INFO ConfigurationStore] IsConfigured()
[2022-11-02 16:40:26Z INFO ConfigurationStore] IsConfigured: True
[2022-11-02 16:40:26Z INFO ConfigurationManager] Is configured: True
[2022-11-02 16:40:26Z INFO ConfigurationManager] Settings Loaded
[2022-11-02 16:40:27Z INFO MessageListener] {
  "AgentId": 2,
  "AgentName": "kong-gateway",
  "PoolId": 1,
  "PoolName": "Default",
  "ServerUrl": "https://pipelines.actions.githubusercontent.com/39RLiXSDGYHBygK1aiowGUAB3Q67xkHdtcEEBhFoO5EBrnKHlX",
  "GitHubUrl": "https://github.com/rollsroyce22/konglab",
  "WorkFolder": "kong-gateway"
}
[2022-11-02 16:40:27Z INFO MessageListener] Loading Credentials
[2022-11-02 16:40:27Z INFO ConfigurationStore] HasCredentials()
[2022-11-02 16:40:27Z INFO ConfigurationStore] stored True
[2022-11-02 16:40:27Z INFO CredentialManager] GetCredentialProvider
[2022-11-02 16:40:27Z INFO CredentialManager] Creating type OAuth
[2022-11-02 16:40:27Z INFO CredentialManager] Creating credential type: OAuth
[2022-11-02 16:40:27Z INFO HostContext] Well known directory 'Bin': '/home/rroyce/dev/konglab/actions-runner/bin'
[2022-11-02 16:40:27Z INFO HostContext] Well known directory 'Root': '/home/rroyce/dev/konglab/actions-runner'
[2022-11-02 16:40:27Z INFO HostContext] Well known config file 'RSACredentials': '/home/rroyce/dev/konglab/actions-runner/.credentials_rsaparams'
[2022-11-02 16:40:27Z INFO RSAFileKeyManager] Loading RSA key parameters from file /home/rroyce/dev/konglab/actions-runner/.credentials_rsaparams
[2022-11-02 16:40:27Z INFO MessageListener] Attempt to create session.
[2022-11-02 16:40:27Z INFO MessageListener] Connecting to the Runner Server...
[2022-11-02 16:40:27Z INFO RunnerServer] Establish connection with 100 seconds timeout.
[2022-11-02 16:40:27Z INFO GitHubActionsService] Starting operation Location.GetConnectionData
[2022-11-02 16:40:27Z INFO RunnerServer] Establish connection with 60 seconds timeout.
[2022-11-02 16:40:27Z INFO GitHubActionsService] Starting operation Location.GetConnectionData
[2022-11-02 16:40:27Z INFO RunnerServer] Establish connection with 60 seconds timeout.
[2022-11-02 16:40:27Z INFO GitHubActionsService] Starting operation Location.GetConnectionData
[2022-11-02 16:40:27Z INFO GitHubActionsService] Finished operation Location.GetConnectionData
[2022-11-02 16:40:27Z INFO GitHubActionsService] Finished operation Location.GetConnectionData
[2022-11-02 16:40:27Z INFO GitHubActionsService] Finished operation Location.GetConnectionData
[2022-11-02 16:40:27Z INFO MessageListener] VssConnection created
[2022-11-02 16:40:27Z INFO Terminal] WRITE LINE: 
[2022-11-02 16:40:27Z INFO Terminal] WRITE LINE: 
[2022-11-02 16:40:27Z INFO RSAFileKeyManager] Loading RSA key parameters from file /home/rroyce/dev/konglab/actions-runner/.credentials_rsaparams
[2022-11-02 16:40:27Z INFO RSAFileKeyManager] Loading RSA key parameters from file /home/rroyce/dev/konglab/actions-runner/.credentials_rsaparams
[2022-11-02 16:40:28Z INFO GitHubActionsService] AAD Correlation ID for this token request: Unknown
[2022-11-02 16:40:28Z INFO MessageListener] Session created.
[2022-11-02 16:40:28Z INFO Terminal] WRITE LINE: Current runner version: '2.298.2'
[2022-11-02 16:40:28Z INFO Terminal] WRITE LINE: 2022-11-02 16:40:28Z: Listening for Jobs
[2022-11-02 16:40:28Z INFO JobDispatcher] Set runner/worker IPC timeout to 30 seconds.
[2022-11-02 16:40:29Z INFO Terminal] WRITE LINE: Exiting...
[2022-11-02 16:40:29Z INFO ConfigurationStore] IsServiceConfigured()
[2022-11-02 16:40:29Z INFO ConfigurationStore] IsServiceConfigured: False
[2022-11-02 16:40:29Z INFO HostContext] Runner will be shutdown for UserCancelled
[2022-11-02 16:40:29Z WARN GitHubActionsService] GET request to https://pipelines.actions.githubusercontent.com/39RLiXSDGYHBygK1aiowGUAB3Q67xkHdtcEEBhFoO5EBrnKHlX/_apis/distributedtask/pools/1/messages?sessionId=35a12413-7d1c-4137-b82c-63cfc8697021&status=Online has been cancelled.
[2022-11-02 16:40:29Z INFO MessageListener] Get next message has been cancelled.
[2022-11-02 16:40:29Z INFO JobDispatcher] Shutting down JobDispatcher. Make sure all WorkerDispatcher has finished.
[2022-11-02 16:40:29Z INFO Listener] Runner execution been cancelled.
